This file contains any messages produced by compilers while
running configure, to aid debugging if configure makes a mistake.

It was created by list configure 1.0, which was
generated by GNU Autoconf 2.69.  Invocation command line was

  $ ./configure --prefix=/home/djd/work/usr/

## --------- ##
## Platform. ##
## --------- ##

hostname = djd
uname -m = x86_64
uname -r = 4.4.0-21-generic
uname -s = Linux
uname -v = #37-Ubuntu SMP Mon Apr 18 18:33:37 UTC 2016

/usr/bin/uname -p = unknown
/bin/uname -X     = unknown

/bin/arch              = unknown
/usr/bin/arch -k       = unknown
/usr/convex/getsysinfo = unknown
/usr/bin/hostinfo      = unknown
/bin/machine           = unknown
/usr/bin/oslevel       = unknown
/bin/universe          = unknown

PATH: /usr/local/sbin
PATH: /usr/local/bin
PATH: /usr/sbin
PATH: /usr/bin
PATH: /sbin
PATH: /bin
PATH: /usr/games
PATH: /usr/local/games
PATH: /snap/bin
PATH: /usr/java/jdk1.8.0_144/bin
PATH: /usr/java/jdk1.7.0_79/jre/bin


## ----------- ##
## Core tests. ##
## ----------- ##

configure:2408: checking for a BSD-compatible install
configure:2476: result: /usr/bin/install -c
configure:2487: checking whether build environment is sane
configure:2542: result: yes
configure:2693: checking for a thread-safe mkdir -p
configure:2732: result: /bin/mkdir -p
configure:2739: checking for gawk
configure:2769: result: no
configure:2739: checking for mawk
configure:2755: found /usr/bin/mawk
configure:2766: result: mawk
configure:2777: checking whether make sets $(MAKE)
configure:2799: result: yes
configure:2828: checking whether make supports nested variables
configure:2845: result: yes
configure:3032: checking for g++
configure:3048: found /usr/bin/g++
configure:3059: result: g++
configure:3086: checking for C++ compiler version
configure:3095: g++ --version >&5
g++ (Ubuntu 5.4.0-6ubuntu1~16.04.4) 5.4.0 20160609
Copyright (C) 2015 Free Software Foundation, Inc.
This is free software; see the source for copying conditions.  There is NO
warranty; not even for MERCHANTABILITY or FITNESS FOR A PARTICULAR PURPOSE.

configure:3106: $? = 0
configure:3095: g++ -v >&5
Using built-in specs.
COLLECT_GCC=g++
COLLECT_LTO_WRAPPER=/usr/lib/gcc/x86_64-linux-gnu/5/lto-wrapper
Target: x86_64-linux-gnu
Configured with: ../src/configure -v --with-pkgversion='Ubuntu 5.4.0-6ubuntu1~16.04.4' --with-bugurl=file:///usr/share/doc/gcc-5/README.Bugs --enable-languages=c,ada,c++,java,go,d,fortran,objc,obj-c++ --prefix=/usr --program-suffix=-5 --enable-shared --enable-linker-build-id --libexecdir=/usr/lib --without-included-gettext --enable-threads=posix --libdir=/usr/lib --enable-nls --with-sysroot=/ --enable-clocale=gnu --enable-libstdcxx-debug --enable-libstdcxx-time=yes --with-default-libstdcxx-abi=new --enable-gnu-unique-object --disable-vtable-verify --enable-libmpx --enable-plugin --with-system-zlib --disable-browser-plugin --enable-java-awt=gtk --enable-gtk-cairo --with-java-home=/usr/lib/jvm/java-1.5.0-gcj-5-amd64/jre --enable-java-home --with-jvm-root-dir=/usr/lib/jvm/java-1.5.0-gcj-5-amd64 --with-jvm-jar-dir=/usr/lib/jvm-exports/java-1.5.0-gcj-5-amd64 --with-arch-directory=amd64 --with-ecj-jar=/usr/share/java/eclipse-ecj.jar --enable-objc-gc --enable-multiarch --disable-werror --with-arch-32=i686 --with-abi=m64 --with-multilib-list=m32,m64,mx32 --enable-multilib --with-tune=generic --enable-checking=release --build=x86_64-linux-gnu --host=x86_64-linux-gnu --target=x86_64-linux-gnu
Thread model: posix
gcc version 5.4.0 20160609 (Ubuntu 5.4.0-6ubuntu1~16.04.4) 
configure:3106: $? = 0
configure:3095: g++ -V >&5
g++: error: unrecognized command line option '-V'
g++: fatal error: no input files
compilation terminated.
configure:3106: $? = 1
configure:3095: g++ -qversion >&5
g++: error: unrecognized command line option '-qversion'
g++: fatal error: no input files
compilation terminated.
configure:3106: $? = 1
configure:3126: checking whether the C++ compiler works
configure:3148: g++    conftest.cpp  >&5
configure:3152: $? = 0
configure:3200: result: yes
configure:3203: checking for C++ compiler default output file name
configure:3205: result: a.out
configure:3211: checking for suffix of executables
configure:3218: g++ -o conftest    conftest.cpp  >&5
configure:3222: $? = 0
configure:3244: result: 
configure:3266: checking whether we are cross compiling
configure:3274: g++ -o conftest    conftest.cpp  >&5
configure:3278: $? = 0
configure:3285: ./conftest
configure:3289: $? = 0
configure:3304: result: no
configure:3309: checking for suffix of object files
configure:3331: g++ -c   conftest.cpp >&5
configure:3335: $? = 0
configure:3356: result: o
configure:3360: checking whether we are using the GNU C++ compiler
configure:3379: g++ -c   conftest.cpp >&5
configure:3379: $? = 0
configure:3388: result: yes
configure:3397: checking whether g++ accepts -g
configure:3417: g++ -c -g  conftest.cpp >&5
configure:3417: $? = 0
configure:3458: result: yes
configure:3492: checking for style of include used by make
configure:3520: result: GNU
configure:3546: checking dependency style of g++
configure:3657: result: gcc3
configure:3676: checking for gawk
configure:3703: result: mawk
configure:3762: checking for gcc
configure:3778: found /usr/bin/gcc
configure:3789: result: gcc
configure:4018: checking for C compiler version
configure:4027: gcc --version >&5
gcc (Ubuntu 5.4.0-6ubuntu1~16.04.4) 5.4.0 20160609
Copyright (C) 2015 Free Software Foundation, Inc.
This is free software; see the source for copying conditions.  There is NO
warranty; not even for MERCHANTABILITY or FITNESS FOR A PARTICULAR PURPOSE.

configure:4038: $? = 0
configure:4027: gcc -v >&5
Using built-in specs.
COLLECT_GCC=gcc
COLLECT_LTO_WRAPPER=/usr/lib/gcc/x86_64-linux-gnu/5/lto-wrapper
Target: x86_64-linux-gnu
Configured with: ../src/configure -v --with-pkgversion='Ubuntu 5.4.0-6ubuntu1~16.04.4' --with-bugurl=file:///usr/share/doc/gcc-5/README.Bugs --enable-languages=c,ada,c++,java,go,d,fortran,objc,obj-c++ --prefix=/usr --program-suffix=-5 --enable-shared --enable-linker-build-id --libexecdir=/usr/lib --without-included-gettext --enable-threads=posix --libdir=/usr/lib --enable-nls --with-sysroot=/ --enable-clocale=gnu --enable-libstdcxx-debug --enable-libstdcxx-time=yes --with-default-libstdcxx-abi=new --enable-gnu-unique-object --disable-vtable-verify --enable-libmpx --enable-plugin --with-system-zlib --disable-browser-plugin --enable-java-awt=gtk --enable-gtk-cairo --with-java-home=/usr/lib/jvm/java-1.5.0-gcj-5-amd64/jre --enable-java-home --with-jvm-root-dir=/usr/lib/jvm/java-1.5.0-gcj-5-amd64 --with-jvm-jar-dir=/usr/lib/jvm-exports/java-1.5.0-gcj-5-amd64 --with-arch-directory=amd64 --with-ecj-jar=/usr/share/java/eclipse-ecj.jar --enable-objc-gc --enable-multiarch --disable-werror --with-arch-32=i686 --with-abi=m64 --with-multilib-list=m32,m64,mx32 --enable-multilib --with-tune=generic --enable-checking=release --build=x86_64-linux-gnu --host=x86_64-linux-gnu --target=x86_64-linux-gnu
Thread model: posix
gcc version 5.4.0 20160609 (Ubuntu 5.4.0-6ubuntu1~16.04.4) 
configure:4038: $? = 0
configure:4027: gcc -V >&5
gcc: error: unrecognized command line option '-V'
gcc: fatal error: no input files
compilation terminated.
configure:4038: $? = 1
configure:4027: gcc -qversion >&5
gcc: error: unrecognized command line option '-qversion'
gcc: fatal error: no input files
compilation terminated.
configure:4038: $? = 1
configure:4042: checking whether we are using the GNU C compiler
configure:4061: gcc -c   conftest.c >&5
configure:4061: $? = 0
configure:4070: result: yes
configure:4079: checking whether gcc accepts -g
configure:4099: gcc -c -g  conftest.c >&5
configure:4099: $? = 0
configure:4140: result: yes
configure:4157: checking for gcc option to accept ISO C89
configure:4220: gcc  -c -g -O2  conftest.c >&5
configure:4220: $? = 0
configure:4233: result: none needed
configure:4258: checking whether gcc understands -c and -o together
configure:4280: gcc -c conftest.c -o conftest2.o
configure:4283: $? = 0
configure:4280: gcc -c conftest.c -o conftest2.o
configure:4283: $? = 0
configure:4295: result: yes
configure:4314: checking dependency style of gcc
configure:4425: result: gcc3
configure:4445: checking how to run the C preprocessor
configure:4476: gcc -E  conftest.c
configure:4476: $? = 0
configure:4490: gcc -E  conftest.c
conftest.c:11:28: fatal error: ac_nonexistent.h: No such file or directory
compilation terminated.
configure:4490: $? = 1
configure: failed program was:
| /* confdefs.h */
| #define PACKAGE_NAME "list"
| #define PACKAGE_TARNAME "list"
| #define PACKAGE_VERSION "1.0"
| #define PACKAGE_STRING "list 1.0"
| #define PACKAGE_BUGREPORT "dengjd@gionee.com"
| #define PACKAGE_URL ""
| #define PACKAGE "list"
| #define VERSION "1.0"
| /* end confdefs.h.  */
| #include <ac_nonexistent.h>
configure:4515: result: gcc -E
configure:4535: gcc -E  conftest.c
configure:4535: $? = 0
configure:4549: gcc -E  conftest.c
conftest.c:11:28: fatal error: ac_nonexistent.h: No such file or directory
compilation terminated.
configure:4549: $? = 1
configure: failed program was:
| /* confdefs.h */
| #define PACKAGE_NAME "list"
| #define PACKAGE_TARNAME "list"
| #define PACKAGE_VERSION "1.0"
| #define PACKAGE_STRING "list 1.0"
| #define PACKAGE_BUGREPORT "dengjd@gionee.com"
| #define PACKAGE_URL ""
| #define PACKAGE "list"
| #define VERSION "1.0"
| /* end confdefs.h.  */
| #include <ac_nonexistent.h>
configure:4578: checking whether ln -s works
configure:4582: result: yes
configure:4589: checking whether make sets $(MAKE)
configure:4611: result: yes
configure:4663: checking for ranlib
configure:4679: found /usr/bin/ranlib
configure:4690: result: ranlib
configure:4741: checking build system type
configure:4755: result: x86_64-pc-linux-gnu
configure:4775: checking host system type
configure:4788: result: x86_64-pc-linux-gnu
configure:4829: checking how to print strings
configure:4856: result: printf
configure:4877: checking for a sed that does not truncate output
configure:4941: result: /bin/sed
configure:4959: checking for grep that handles long lines and -e
configure:5017: result: /bin/grep
configure:5022: checking for egrep
configure:5084: result: /bin/grep -E
configure:5089: checking for fgrep
configure:5151: result: /bin/grep -F
configure:5186: checking for ld used by gcc
configure:5253: result: /usr/bin/ld
configure:5260: checking if the linker (/usr/bin/ld) is GNU ld
configure:5275: result: yes
configure:5287: checking for BSD- or MS-compatible name lister (nm)
configure:5341: result: /usr/bin/nm -B
configure:5471: checking the name lister (/usr/bin/nm -B) interface
configure:5478: gcc -c -g -O2  conftest.c >&5
configure:5481: /usr/bin/nm -B "conftest.o"
configure:5484: output
0000000000000000 B some_variable
configure:5491: result: BSD nm
configure:5495: checking the maximum length of command line arguments
configure:5626: result: 1572864
configure:5674: checking how to convert x86_64-pc-linux-gnu file names to x86_64-pc-linux-gnu format
configure:5714: result: func_convert_file_noop
configure:5721: checking how to convert x86_64-pc-linux-gnu file names to toolchain format
configure:5741: result: func_convert_file_noop
configure:5748: checking for /usr/bin/ld option to reload object files
configure:5755: result: -r
configure:5829: checking for objdump
configure:5845: found /usr/bin/objdump
configure:5856: result: objdump
configure:5888: checking how to recognize dependent libraries
configure:6088: result: pass_all
configure:6173: checking for dlltool
configure:6203: result: no
configure:6233: checking how to associate runtime and link libraries
configure:6260: result: printf %s\n
configure:6321: checking for ar
configure:6337: found /usr/bin/ar
configure:6348: result: ar
configure:6385: checking for archiver @FILE support
configure:6402: gcc -c -g -O2  conftest.c >&5
configure:6402: $? = 0
configure:6405: ar cru libconftest.a @conftest.lst >&5
ar: `u' modifier ignored since `D' is the default (see `U')
configure:6408: $? = 0
configure:6413: ar cru libconftest.a @conftest.lst >&5
ar: `u' modifier ignored since `D' is the default (see `U')
ar: conftest.o: No such file or directory
configure:6416: $? = 1
configure:6428: result: @
configure:6486: checking for strip
configure:6502: found /usr/bin/strip
configure:6513: result: strip
configure:6585: checking for ranlib
configure:6612: result: ranlib
configure:6714: checking command to parse /usr/bin/nm -B output from gcc object
configure:6867: gcc -c -g -O2  conftest.c >&5
configure:6870: $? = 0
configure:6874: /usr/bin/nm -B conftest.o \| sed -n -e 's/^.*[ ]\([ABCDGIRSTW][ABCDGIRSTW]*\)[ ][ ]*\([_A-Za-z][_A-Za-z0-9]*\)$/\1 \2 \2/p' | sed '/ __gnu_lto/d' \> conftest.nm
configure:6877: $? = 0
configure:6943: gcc -o conftest -g -O2   conftest.c conftstm.o >&5
configure:6946: $? = 0
configure:6984: result: ok
configure:7031: checking for sysroot
configure:7061: result: no
configure:7068: checking for a working dd
configure:7106: result: /bin/dd
configure:7110: checking how to truncate binary pipes
configure:7125: result: /bin/dd bs=4096 count=1
configure:7261: gcc -c -g -O2  conftest.c >&5
configure:7264: $? = 0
configure:7454: checking for mt
configure:7470: found /bin/mt
configure:7481: result: mt
configure:7504: checking if mt is a manifest tool
configure:7510: mt '-?'
configure:7518: result: no
configure:8191: checking for ANSI C header files
configure:8211: gcc -c -g -O2  conftest.c >&5
configure:8211: $? = 0
configure:8284: gcc -o conftest -g -O2   conftest.c  >&5
configure:8284: $? = 0
configure:8284: ./conftest
configure:8284: $? = 0
configure:8295: result: yes
configure:8308: checking for sys/types.h
configure:8308: gcc -c -g -O2  conftest.c >&5
configure:8308: $? = 0
configure:8308: result: yes
configure:8308: checking for sys/stat.h
configure:8308: gcc -c -g -O2  conftest.c >&5
configure:8308: $? = 0
configure:8308: result: yes
configure:8308: checking for stdlib.h
configure:8308: gcc -c -g -O2  conftest.c >&5
configure:8308: $? = 0
configure:8308: result: yes
configure:8308: checking for string.h
configure:8308: gcc -c -g -O2  conftest.c >&5
configure:8308: $? = 0
configure:8308: result: yes
configure:8308: checking for memory.h
configure:8308: gcc -c -g -O2  conftest.c >&5
configure:8308: $? = 0
configure:8308: result: yes
configure:8308: checking for strings.h
configure:8308: gcc -c -g -O2  conftest.c >&5
configure:8308: $? = 0
configure:8308: result: yes
configure:8308: checking for inttypes.h
configure:8308: gcc -c -g -O2  conftest.c >&5
configure:8308: $? = 0
configure:8308: result: yes
configure:8308: checking for stdint.h
configure:8308: gcc -c -g -O2  conftest.c >&5
configure:8308: $? = 0
configure:8308: result: yes
configure:8308: checking for unistd.h
configure:8308: gcc -c -g -O2  conftest.c >&5
configure:8308: $? = 0
configure:8308: result: yes
configure:8322: checking for dlfcn.h
configure:8322: gcc -c -g -O2  conftest.c >&5
configure:8322: $? = 0
configure:8322: result: yes
configure:8589: checking for objdir
configure:8604: result: .libs
configure:8864: checking if gcc supports -fno-rtti -fno-exceptions
configure:8882: gcc -c -g -O2  -fno-rtti -fno-exceptions conftest.c >&5
cc1: warning: command line option '-fno-rtti' is valid for C++/ObjC++ but not for C
configure:8886: $? = 0
configure:8899: result: no
configure:9257: checking for gcc option to produce PIC
configure:9264: result: -fPIC -DPIC
configure:9272: checking if gcc PIC flag -fPIC -DPIC works
configure:9290: gcc -c -g -O2  -fPIC -DPIC -DPIC conftest.c >&5
configure:9294: $? = 0
configure:9307: result: yes
configure:9336: checking if gcc static flag -static works
configure:9364: result: yes
configure:9379: checking if gcc supports -c -o file.o
configure:9400: gcc -c -g -O2  -o out/conftest2.o conftest.c >&5
configure:9404: $? = 0
configure:9426: result: yes
configure:9434: checking if gcc supports -c -o file.o
configure:9481: result: yes
configure:9514: checking whether the gcc linker (/usr/bin/ld -m elf_x86_64) supports shared libraries
configure:10777: result: yes
configure:10814: checking whether -lc should be explicitly linked in
configure:10822: gcc -c -g -O2  conftest.c >&5
configure:10825: $? = 0
configure:10840: gcc -shared  -fPIC -DPIC conftest.o  -v -Wl,-soname -Wl,conftest -o conftest 2\>\&1 \| /bin/grep  -lc  \>/dev/null 2\>\&1
configure:10843: $? = 0
configure:10857: result: no
configure:11017: checking dynamic linker characteristics
configure:11598: gcc -o conftest -g -O2   -Wl,-rpath -Wl,/foo conftest.c  >&5
configure:11598: $? = 0
configure:11847: result: GNU/Linux ld.so
configure:11969: checking how to hardcode library paths into programs
configure:11994: result: immediate
configure:12542: checking whether stripping libraries is possible
configure:12547: result: yes
configure:12582: checking if libtool supports shared libraries
configure:12584: result: yes
configure:12587: checking whether to build shared libraries
configure:12612: result: yes
configure:12615: checking whether to build static libraries
configure:12619: result: yes
configure:12642: checking how to run the C++ preprocessor
configure:12669: g++ -E  conftest.cpp
configure:12669: $? = 0
configure:12683: g++ -E  conftest.cpp
conftest.cpp:23:28: fatal error: ac_nonexistent.h: No such file or directory
compilation terminated.
configure:12683: $? = 1
configure: failed program was:
| /* confdefs.h */
| #define PACKAGE_NAME "list"
| #define PACKAGE_TARNAME "list"
| #define PACKAGE_VERSION "1.0"
| #define PACKAGE_STRING "list 1.0"
| #define PACKAGE_BUGREPORT "dengjd@gionee.com"
| #define PACKAGE_URL ""
| #define PACKAGE "list"
| #define VERSION "1.0"
| #define STDC_HEADERS 1
| #define HAVE_SYS_TYPES_H 1
| #define HAVE_SYS_STAT_H 1
| #define HAVE_STDLIB_H 1
| #define HAVE_STRING_H 1
| #define HAVE_MEMORY_H 1
| #define HAVE_STRINGS_H 1
| #define HAVE_INTTYPES_H 1
| #define HAVE_STDINT_H 1
| #define HAVE_UNISTD_H 1
| #define HAVE_DLFCN_H 1
| #define LT_OBJDIR ".libs/"
| /* end confdefs.h.  */
| #include <ac_nonexistent.h>
configure:12708: result: g++ -E
configure:12728: g++ -E  conftest.cpp
configure:12728: $? = 0
configure:12742: g++ -E  conftest.cpp
conftest.cpp:23:28: fatal error: ac_nonexistent.h: No such file or directory
compilation terminated.
configure:12742: $? = 1
configure: failed program was:
| /* confdefs.h */
| #define PACKAGE_NAME "list"
| #define PACKAGE_TARNAME "list"
| #define PACKAGE_VERSION "1.0"
| #define PACKAGE_STRING "list 1.0"
| #define PACKAGE_BUGREPORT "dengjd@gionee.com"
| #define PACKAGE_URL ""
| #define PACKAGE "list"
| #define VERSION "1.0"
| #define STDC_HEADERS 1
| #define HAVE_SYS_TYPES_H 1
| #define HAVE_SYS_STAT_H 1
| #define HAVE_STDLIB_H 1
| #define HAVE_STRING_H 1
| #define HAVE_MEMORY_H 1
| #define HAVE_STRINGS_H 1
| #define HAVE_INTTYPES_H 1
| #define HAVE_STDINT_H 1
| #define HAVE_UNISTD_H 1
| #define HAVE_DLFCN_H 1
| #define LT_OBJDIR ".libs/"
| /* end confdefs.h.  */
| #include <ac_nonexistent.h>
configure:12904: checking for ld used by g++
configure:12971: result: /usr/bin/ld -m elf_x86_64
configure:12978: checking if the linker (/usr/bin/ld -m elf_x86_64) is GNU ld
configure:12993: result: yes
configure:13048: checking whether the g++ linker (/usr/bin/ld -m elf_x86_64) supports shared libraries
configure:14121: result: yes
configure:14157: g++ -c -g -O2  conftest.cpp >&5
configure:14160: $? = 0
configure:14641: checking for g++ option to produce PIC
configure:14648: result: -fPIC -DPIC
configure:14656: checking if g++ PIC flag -fPIC -DPIC works
configure:14674: g++ -c -g -O2  -fPIC -DPIC -DPIC conftest.cpp >&5
configure:14678: $? = 0
configure:14691: result: yes
configure:14714: checking if g++ static flag -static works
configure:14742: result: yes
configure:14754: checking if g++ supports -c -o file.o
configure:14775: g++ -c -g -O2  -o out/conftest2.o conftest.cpp >&5
configure:14779: $? = 0
configure:14801: result: yes
configure:14806: checking if g++ supports -c -o file.o
configure:14853: result: yes
configure:14883: checking whether the g++ linker (/usr/bin/ld -m elf_x86_64) supports shared libraries
configure:14926: result: yes
configure:15067: checking dynamic linker characteristics
configure:15824: result: GNU/Linux ld.so
configure:15889: checking how to hardcode library paths into programs
configure:15914: result: immediate
configure:15981: checking for stdlib.h
configure:15981: result: yes
configure:15997: checking for stdlib.h
configure:15997: result: yes
configure:16007: checking for GNU libc compatible malloc
configure:16031: gcc -o conftest -g -O2   conftest.c  >&5
configure:16031: $? = 0
configure:16031: ./conftest
configure:16031: $? = 0
configure:16041: result: yes
configure:16174: checking that generated files are newer than configure
configure:16180: result: done
configure:16207: creating ./config.status

## ---------------------- ##
## Running config.status. ##
## ---------------------- ##

This file was extended by list config.status 1.0, which was
generated by GNU Autoconf 2.69.  Invocation command line was

  CONFIG_FILES    = 
  CONFIG_HEADERS  = 
  CONFIG_LINKS    = 
  CONFIG_COMMANDS = 
  $ ./config.status 

on djd

config.status:1151: creating Makefile
config.status:1151: creating src/Makefile
config.status:1151: creating config.h
config.status:1332: config.h is unchanged
config.status:1380: executing depfiles commands
config.status:1380: executing libtool commands

## ---------------- ##
## Cache variables. ##
## ---------------- ##

ac_cv_build=x86_64-pc-linux-gnu
ac_cv_c_compiler_gnu=yes
ac_cv_cxx_compiler_gnu=yes
ac_cv_env_CCC_set=
ac_cv_env_CCC_value=
ac_cv_env_CC_set=
ac_cv_env_CC_value=
ac_cv_env_CFLAGS_set=
ac_cv_env_CFLAGS_value=
ac_cv_env_CPPFLAGS_set=
ac_cv_env_CPPFLAGS_value=
ac_cv_env_CPP_set=
ac_cv_env_CPP_value=
ac_cv_env_CXXCPP_set=
ac_cv_env_CXXCPP_value=
ac_cv_env_CXXFLAGS_set=
ac_cv_env_CXXFLAGS_value=
ac_cv_env_CXX_set=
ac_cv_env_CXX_value=
ac_cv_env_LDFLAGS_set=
ac_cv_env_LDFLAGS_value=
ac_cv_env_LIBS_set=
ac_cv_env_LIBS_value=
ac_cv_env_LT_SYS_LIBRARY_PATH_set=
ac_cv_env_LT_SYS_LIBRARY_PATH_value=
ac_cv_env_build_alias_set=
ac_cv_env_build_alias_value=
ac_cv_env_host_alias_set=
ac_cv_env_host_alias_value=
ac_cv_env_target_alias_set=
ac_cv_env_target_alias_value=
ac_cv_func_malloc_0_nonnull=yes
ac_cv_header_dlfcn_h=yes
ac_cv_header_inttypes_h=yes
ac_cv_header_memory_h=yes
ac_cv_header_stdc=yes
ac_cv_header_stdint_h=yes
ac_cv_header_stdlib_h=yes
ac_cv_header_string_h=yes
ac_cv_header_strings_h=yes
ac_cv_header_sys_stat_h=yes
ac_cv_header_sys_types_h=yes
ac_cv_header_unistd_h=yes
ac_cv_host=x86_64-pc-linux-gnu
ac_cv_objext=o
ac_cv_path_EGREP='/bin/grep -E'
ac_cv_path_FGREP='/bin/grep -F'
ac_cv_path_GREP=/bin/grep
ac_cv_path_SED=/bin/sed
ac_cv_path_install='/usr/bin/install -c'
ac_cv_path_lt_DD=/bin/dd
ac_cv_path_mkdir=/bin/mkdir
ac_cv_prog_AWK=mawk
ac_cv_prog_CPP='gcc -E'
ac_cv_prog_CXXCPP='g++ -E'
ac_cv_prog_ac_ct_AR=ar
ac_cv_prog_ac_ct_CC=gcc
ac_cv_prog_ac_ct_CXX=g++
ac_cv_prog_ac_ct_MANIFEST_TOOL=mt
ac_cv_prog_ac_ct_OBJDUMP=objdump
ac_cv_prog_ac_ct_RANLIB=ranlib
ac_cv_prog_ac_ct_STRIP=strip
ac_cv_prog_cc_c89=
ac_cv_prog_cc_g=yes
ac_cv_prog_cxx_g=yes
ac_cv_prog_make_make_set=yes
am_cv_CC_dependencies_compiler_type=gcc3
am_cv_CXX_dependencies_compiler_type=gcc3
am_cv_make_support_nested_variables=yes
am_cv_prog_cc_c_o=yes
lt_cv_ar_at_file=@
lt_cv_archive_cmds_need_lc=no
lt_cv_deplibs_check_method=pass_all
lt_cv_file_magic_cmd='$MAGIC_CMD'
lt_cv_file_magic_test_file=
lt_cv_ld_reload_flag=-r
lt_cv_nm_interface='BSD nm'
lt_cv_objdir=.libs
lt_cv_path_LD=/usr/bin/ld
lt_cv_path_LDCXX='/usr/bin/ld -m elf_x86_64'
lt_cv_path_NM='/usr/bin/nm -B'
lt_cv_path_mainfest_tool=no
lt_cv_prog_compiler_c_o=yes
lt_cv_prog_compiler_c_o_CXX=yes
lt_cv_prog_compiler_pic='-fPIC -DPIC'
lt_cv_prog_compiler_pic_CXX='-fPIC -DPIC'
lt_cv_prog_compiler_pic_works=yes
lt_cv_prog_compiler_pic_works_CXX=yes
lt_cv_prog_compiler_rtti_exceptions=no
lt_cv_prog_compiler_static_works=yes
lt_cv_prog_compiler_static_works_CXX=yes
lt_cv_prog_gnu_ld=yes
lt_cv_prog_gnu_ldcxx=yes
lt_cv_sharedlib_from_linklib_cmd='printf %s\n'
lt_cv_shlibpath_overrides_runpath=no
lt_cv_sys_global_symbol_pipe='sed -n -e '\''s/^.*[	 ]\([ABCDGIRSTW][ABCDGIRSTW]*\)[	 ][	 ]*\([_A-Za-z][_A-Za-z0-9]*\)$/\1 \2 \2/p'\'' | sed '\''/ __gnu_lto/d'\'''
lt_cv_sys_global_symbol_to_c_name_address='sed -n -e '\''s/^: \(.*\) .*$/  {"\1", (void *) 0},/p'\'' -e '\''s/^[ABCDGIRSTW][ABCDGIRSTW]* .* \(.*\)$/  {"\1", (void *) \&\1},/p'\'''
lt_cv_sys_global_symbol_to_c_name_address_lib_prefix='sed -n -e '\''s/^: \(.*\) .*$/  {"\1", (void *) 0},/p'\'' -e '\''s/^[ABCDGIRSTW][ABCDGIRSTW]* .* \(lib.*\)$/  {"\1", (void *) \&\1},/p'\'' -e '\''s/^[ABCDGIRSTW][ABCDGIRSTW]* .* \(.*\)$/  {"lib\1", (void *) \&\1},/p'\'''
lt_cv_sys_global_symbol_to_cdecl='sed -n -e '\''s/^T .* \(.*\)$/extern int \1();/p'\'' -e '\''s/^[ABCDGIRSTW][ABCDGIRSTW]* .* \(.*\)$/extern char \1;/p'\'''
lt_cv_sys_global_symbol_to_import=
lt_cv_sys_max_cmd_len=1572864
lt_cv_to_host_file_cmd=func_convert_file_noop
lt_cv_to_tool_file_cmd=func_convert_file_noop
lt_cv_truncate_bin='/bin/dd bs=4096 count=1'

## ----------------- ##
## Output variables. ##
## ----------------- ##

ACLOCAL='${SHELL} /home/djd/Documents/study/codes/list/missing aclocal-1.15'
AMDEPBACKSLASH='\'
AMDEP_FALSE='#'
AMDEP_TRUE=''
AMTAR='$${TAR-tar}'
AM_BACKSLASH='\'
AM_DEFAULT_V='$(AM_DEFAULT_VERBOSITY)'
AM_DEFAULT_VERBOSITY='1'
AM_V='$(V)'
AR='ar'
AUTOCONF='${SHELL} /home/djd/Documents/study/codes/list/missing autoconf'
AUTOHEADER='${SHELL} /home/djd/Documents/study/codes/list/missing autoheader'
AUTOMAKE='${SHELL} /home/djd/Documents/study/codes/list/missing automake-1.15'
AWK='mawk'
CC='gcc'
CCDEPMODE='depmode=gcc3'
CFLAGS='-g -O2'
CPP='gcc -E'
CPPFLAGS=''
CXX='g++'
CXXCPP='g++ -E'
CXXDEPMODE='depmode=gcc3'
CXXFLAGS='-g -O2'
CYGPATH_W='echo'
DEFS='-DHAVE_CONFIG_H'
DEPDIR='.deps'
DLLTOOL='false'
DSYMUTIL=''
DUMPBIN=''
ECHO_C=''
ECHO_N='-n'
ECHO_T=''
EGREP='/bin/grep -E'
EXEEXT=''
FGREP='/bin/grep -F'
GREP='/bin/grep'
INSTALL_DATA='${INSTALL} -m 644'
INSTALL_PROGRAM='${INSTALL}'
INSTALL_SCRIPT='${INSTALL}'
INSTALL_STRIP_PROGRAM='$(install_sh) -c -s'
LD='/usr/bin/ld -m elf_x86_64'
LDFLAGS=''
LIBOBJS=''
LIBS=''
LIBTOOL='$(SHELL) $(top_builddir)/libtool'
LIPO=''
LN_S='ln -s'
LTLIBOBJS=''
LT_SYS_LIBRARY_PATH=''
MAKEINFO='${SHELL} /home/djd/Documents/study/codes/list/missing makeinfo'
MANIFEST_TOOL=':'
MKDIR_P='/bin/mkdir -p'
NM='/usr/bin/nm -B'
NMEDIT=''
OBJDUMP='objdump'
OBJEXT='o'
OTOOL64=''
OTOOL=''
PACKAGE='list'
PACKAGE_BUGREPORT='dengjd@gionee.com'
PACKAGE_NAME='list'
PACKAGE_STRING='list 1.0'
PACKAGE_TARNAME='list'
PACKAGE_URL=''
PACKAGE_VERSION='1.0'
PATH_SEPARATOR=':'
RANLIB='ranlib'
SED='/bin/sed'
SET_MAKE=''
SHELL='/bin/bash'
STRIP='strip'
VERSION='1.0'
ac_ct_AR='ar'
ac_ct_CC='gcc'
ac_ct_CXX='g++'
ac_ct_DUMPBIN=''
am__EXEEXT_FALSE=''
am__EXEEXT_TRUE='#'
am__fastdepCC_FALSE='#'
am__fastdepCC_TRUE=''
am__fastdepCXX_FALSE='#'
am__fastdepCXX_TRUE=''
am__include='include'
am__isrc=''
am__leading_dot='.'
am__nodep='_no'
am__quote=''
am__tar='$${TAR-tar} chof - "$$tardir"'
am__untar='$${TAR-tar} xf -'
bindir='${exec_prefix}/bin'
build='x86_64-pc-linux-gnu'
build_alias=''
build_cpu='x86_64'
build_os='linux-gnu'
build_vendor='pc'
datadir='${datarootdir}'
datarootdir='${prefix}/share'
docdir='${datarootdir}/doc/${PACKAGE_TARNAME}'
dvidir='${docdir}'
exec_prefix='${prefix}'
host='x86_64-pc-linux-gnu'
host_alias=''
host_cpu='x86_64'
host_os='linux-gnu'
host_vendor='pc'
htmldir='${docdir}'
includedir='${prefix}/include'
infodir='${datarootdir}/info'
install_sh='${SHELL} /home/djd/Documents/study/codes/list/install-sh'
libdir='${exec_prefix}/lib'
libexecdir='${exec_prefix}/libexec'
localedir='${datarootdir}/locale'
localstatedir='${prefix}/var'
mandir='${datarootdir}/man'
mkdir_p='$(MKDIR_P)'
oldincludedir='/usr/include'
pdfdir='${docdir}'
prefix='/home/djd/work/usr'
program_transform_name='s,x,x,'
psdir='${docdir}'
runstatedir='${localstatedir}/run'
sbindir='${exec_prefix}/sbin'
sharedstatedir='${prefix}/com'
sysconfdir='${prefix}/etc'
target_alias=''

## ----------- ##
## confdefs.h. ##
## ----------- ##

/* confdefs.h */
#define PACKAGE_NAME "list"
#define PACKAGE_TARNAME "list"
#define PACKAGE_VERSION "1.0"
#define PACKAGE_STRING "list 1.0"
#define PACKAGE_BUGREPORT "dengjd@gionee.com"
#define PACKAGE_URL ""
#define PACKAGE "list"
#define VERSION "1.0"
#define STDC_HEADERS 1
#define HAVE_SYS_TYPES_H 1
#define HAVE_SYS_STAT_H 1
#define HAVE_STDLIB_H 1
#define HAVE_STRING_H 1
#define HAVE_MEMORY_H 1
#define HAVE_STRINGS_H 1
#define HAVE_INTTYPES_H 1
#define HAVE_STDINT_H 1
#define HAVE_UNISTD_H 1
#define HAVE_DLFCN_H 1
#define LT_OBJDIR ".libs/"
#define HAVE_STDLIB_H 1
#define HAVE_STDLIB_H 1
#define HAVE_MALLOC 1

configure: exit 0

## ---------------------- ##
## Running config.status. ##
## ---------------------- ##

This file was extended by list config.status 1.0, which was
generated by GNU Autoconf 2.69.  Invocation command line was

  CONFIG_FILES    = 
  CONFIG_HEADERS  = 
  CONFIG_LINKS    = 
  CONFIG_COMMANDS = 
  $ ./config.status config.h

on djd

config.status:1151: creating config.h
config.status:1332: config.h is unchanged
